#
# A fatal error has been detected by the Java Runtime Environment:
#
#  EXCEPTION_ACCESS_VIOLATION (0xc0000005) at pc=0x000001eb6228129d, pid=12796, tid=7460
#
# JRE version: OpenJDK Runtime Environment Temurin-17.0.7+7 (17.0.7+7) (build 17.0.7+7)
# Java VM: OpenJDK 64-Bit Server VM Temurin-17.0.7+7 (17.0.7+7, mixed mode, tiered, compressed oops, compressed class ptrs, parallel gc, windows-amd64)
# Problematic frame:
# v  ~StubRoutines::orderaccess_fence
#
# No core dump will be written. Minidumps are not enabled by default on client versions of Windows
#
# If you would like to submit a bug report, please visit:
#   https://github.com/adoptium/adoptium-support/issues
#

---------------  S U M M A R Y ------------

Command Line: --add-modules=ALL-SYSTEM --add-opens=java.base/java.util=ALL-UNNAMED --add-opens=java.base/java.lang=ALL-UNNAMED --add-opens=java.base/sun.nio.fs=ALL-UNNAMED -Declipse.application=org.eclipse.jdt.ls.core.id1 -Dosgi.bundles.defaultStartLevel=4 -Declipse.product=org.eclipse.jdt.ls.core.product -Djava.import.generatesMetadataFilesAtProjectRoot=false -Dfile.encoding=utf8 -XX:+UseParallelGC -XX:GCTimeRatio=4 -XX:AdaptiveSizePolicyWeight=90 -Dsun.zip.disableMemoryMapping=true -Xmx1G -Xms100m -Xlog:disable -javaagent:c:\Users\matip\.vscode\extensions\redhat.java-1.19.0-win32-x64\lombok\lombok-1.18.28.jar -XX:+HeapDumpOnOutOfMemoryError -XX:HeapDumpPath=c:\Users\matip\AppData\Roaming\Code\User\workspaceStorage\00f31e48294c6baa0d8ff255e8495513\redhat.java -Daether.dependencyCollector.impl=bf c:\Users\matip\.vscode\extensions\redhat.java-1.19.0-win32-x64\server\plugins\org.eclipse.equinox.launcher_1.6.400.v20210924-0641.jar -configuration c:\Users\matip\AppData\Roaming\Code\User\globalStorage\redhat.java\1.19.0\config_win -data c:\Users\matip\AppData\Roaming\Code\User\workspaceStorage\00f31e48294c6baa0d8ff255e8495513\redhat.java\jdt_ws

Host: 11th Gen Intel(R) Core(TM) i5-11600K @ 3.90GHz, 12 cores, 31G,  Windows 10 , 64 bit Build 19041 (10.0.19041.3031)
Time: Fri Jun 23 21:07:28 2023 Central European Daylight Time elapsed time: 109.947325 seconds (0d 0h 1m 49s)

---------------  T H R E A D  ---------------

Current thread (0x000001eb730c9860):  GCTaskThread "GC Thread#5" [stack: 0x0000001368a00000,0x0000001368b00000] [id=7460]

Stack: [0x0000001368a00000,0x0000001368b00000],  sp=0x0000001368aff8b8,  free space=1022k
Native frames: (J=compiled Java code, j=interpreted, Vv=VM code, C=native code)
C  0x000001eb6228129d


siginfo: EXCEPTION_ACCESS_VIOLATION (0xc0000005), data execution prevention violation at address 0x000001cb6228129d


Register to memory mapping:

RIP=0x000001eb6228129d is at begin+0 in a stub
StubRoutines::orderaccess_fence [0x000001eb6228129d, 0x000001eb622812a4] (7 bytes)
RAX=0x000001eb6228129d is at begin+0 in a stub
StubRoutines::orderaccess_fence [0x000001eb6228129d, 0x000001eb622812a4] (7 bytes)
RBX=0x00000000eafb4be0 is an oop: org.eclipse.jdt.internal.compiler.lookup.PlainPackageBinding 
{0x00000000eafb4be0} - klass: 'org/eclipse/jdt/internal/compiler/lookup/PlainPackageBinding'
 - ---- fields (total size 7 words):
 - private 'defaultNullness' 'I' @12  -1 (ffffffff)
 - public 'tagBits' 'J' @16  0 (0 0)
 - public 'compoundName' '[[C' @24  a {type array char}[4] {0x00000000eafb4c18} (eafb4c18)
 - 'parent' 'Lorg/eclipse/jdt/internal/compiler/lookup/PackageBinding;' @28  a 'org/eclipse/jdt/internal/compiler/lookup/PlainPackageBinding'{0x00000000eafb4ae0} (eafb4ae0)
 - 'wrappingSplitPackageBindings' 'Ljava/util/ArrayList;' @32  NULL (0)
 - public 'environment' 'Lorg/eclipse/jdt/internal/compiler/lookup/LookupEnvironment;' @36  a 'org/eclipse/jdt/internal/compiler/lookup/LookupEnvironment'{0x00000000eafb43f0} (eafb43f0)
 - public 'knownTypes' 'Lorg/eclipse/jdt/internal/compiler/util/HashtableOfType;' @40  NULL (0)
 - 'knownPackages' 'Lorg/eclipse/jdt/internal/compiler/util/HashtableOfPackage;' @44  a 'org/eclipse/jdt/internal/compiler/util/HashtableOfPackage'{0x00000000eafb4c80} (eafb4c80)
 - public 'enclosingModule' 'Lorg/eclipse/jdt/internal/compiler/lookup/ModuleBinding;' @48  a 'org/eclipse/jdt/internal/compiler/lookup/BinaryModuleBinding'{0x00000000eaf82fc8} (eaf82fc8)
 - 'isExported' 'Ljava/lang/Boolean;' @52  a 'java/lang/Boolean'{0x00000000c0000080} = true (c0000080)
RCX=0x0000000000000129 is an unknown value
RDX=0x00000000eac75b58 is an oop: org.eclipse.jdt.internal.compiler.lookup.PlainPackageBinding 
{0x00000000eac75b58} - klass: 'org/eclipse/jdt/internal/compiler/lookup/PlainPackageBinding'
 - ---- fields (total size 7 words):
 - private 'defaultNullness' 'I' @12  -1 (ffffffff)
 - public 'tagBits' 'J' @16  0 (0 0)
 - public 'compoundName' '[[C' @24  a {type array char}[4] {0x00000000eac75a50} (eac75a50)
 - 'parent' 'Lorg/eclipse/jdt/internal/compiler/lookup/PackageBinding;' @28  a 'org/eclipse/jdt/internal/compiler/lookup/PlainPackageBinding'{0x00000000eac757a8} (eac757a8)
 - 'wrappingSplitPackageBindings' 'Ljava/util/ArrayList;' @32  NULL (0)
 - public 'environment' 'Lorg/eclipse/jdt/internal/compiler/lookup/LookupEnvironment;' @36  a 'org/eclipse/jdt/internal/compiler/lookup/LookupEnvironment'{0x00000000eac2f8c0} (eac2f8c0)
 - public 'knownTypes' 'Lorg/eclipse/jdt/internal/compiler/util/HashtableOfType;' @40  NULL (0)
 - 'knownPackages' 'Lorg/eclipse/jdt/internal/compiler/util/HashtableOfPackage;' @44  a 'org/eclipse/jdt/internal/compiler/util/HashtableOfPackage'{0x00000000eac75b90} (eac75b90)
 - public 'enclosingModule' 'Lorg/eclipse/jdt/internal/compiler/lookup/ModuleBinding;' @48  a 'org/eclipse/jdt/internal/compiler/lookup/BinaryModuleBinding'{0x00000000eac2f828} (eac2f828)
 - 'isExported' 'Ljava/lang/Boolean;' @52  a 'java/lang/Boolean'{0x00000000c0000080} = true (c0000080)
RSP=0x0000001368aff8b8 points into unknown readable memory: 0x00007ffbd9ea500f | 0f 50 ea d9 fb 7f 00 00
RBP=0x0 is NULL
RSI=0x000000000000130b is an unknown value
RDI=0x000001eb6bf29b00 points into unknown readable memory: 0x00007ffbda1a0578 | 78 05 1a da fb 7f 00 00
R8 =0x0000000000000001 is an unknown value
R9 =0x000000000000000c is an unknown value
R10=0x0 is NULL
R11=0x000001eb6bf29b00 points into unknown readable memory: 0x00007ffbda1a0578 | 78 05 1a da fb 7f 00 00
R12=0x0 is NULL
R13=0x0000000000000010 is an unknown value
R14=0x0000000000000003 is an unknown value
R15=0x000000000000000c is an unknown value


Registers:
RAX=0x000001eb6228129d, RBX=0x00000000eafb4be0, RCX=0x0000000000000129, RDX=0x00000000eac75b58
RSP=0x0000001368aff8b8, RBP=0x0000000000000000, RSI=0x000000000000130b, RDI=0x000001eb6bf29b00
R8 =0x0000000000000001, R9 =0x000000000000000c, R10=0x0000000000000000, R11=0x000001eb6bf29b00
R12=0x0000000000000000, R13=0x0000000000000010, R14=0x0000000000000003, R15=0x000000000000000c
RIP=0x000001eb6228129d, EFLAGS=0x0000000000010202

Top of Stack: (sp=0x0000001368aff8b8)
0x0000001368aff8b8:   00007ffbd9ea500f 000001eb6bf29b00
0x0000001368aff8c8:   00007ffbda19f770 0000000000000001
0x0000001368aff8d8:   00000013677ff138 0000000000000003
0x0000001368aff8e8:   0000000000000005 00000013677ff190
0x0000001368aff8f8:   00000013677ff138 0000000000000003
0x0000001368aff908:   000001eb73269680 0000000000000005
0x0000001368aff918:   0000000000000003 00000013677ff190
0x0000001368aff928:   0000000000000000 000001eb6bf29b00
0x0000001368aff938:   00007ffbd9ea7e79 000001eb6bf29b00
0x0000001368aff948:   000001eb6bf29b01 0000000000000000
0x0000001368aff958:   000145ac00004834 00000013677ff030
0x0000001368aff968:   00007ffbd9ea82af 000001eb6bf29b00
0x0000001368aff978:   0000001368affa09 00000000eaf88475
0x0000001368aff988:   00000013677ff170 000001eb6bf29b00
0x0000001368aff998:   ffffffff00000003 000000000000000a
0x0000001368aff9a8:   00007ffbda304890 0000000300000002 

Instructions: (pc=0x000001eb6228129d)
0x000001eb6228119d:   08 ff ff ff 00 62 e3 6d 40 18 95 f8 fe ff ff 00
0x000001eb622811ad:   62 e3 65 40 18 9d e8 fe ff ff 00 62 e3 5d 40 18
0x000001eb622811bd:   a5 d8 fe ff ff 00 62 e3 55 40 18 ad c8 fe ff ff
0x000001eb622811cd:   00 62 e3 4d 40 18 b5 b8 fe ff ff 00 62 e3 45 40
0x000001eb622811dd:   18 bd a8 fe ff ff 00 62 63 3d 40 18 85 98 fe ff
0x000001eb622811ed:   ff 00 62 63 35 40 18 8d 88 fe ff ff 00 62 63 2d
0x000001eb622811fd:   40 18 95 78 fe ff ff 00 62 63 25 40 18 9d 68 fe
0x000001eb6228120d:   ff ff 00 62 63 1d 40 18 a5 58 fe ff ff 00 62 63
0x000001eb6228121d:   15 40 18 ad 48 fe ff ff 00 62 63 0d 40 18 b5 38
0x000001eb6228122d:   fe ff ff 00 62 63 05 40 18 bd 28 fe ff ff 00 4c
0x000001eb6228123d:   8b 7d c8 4c 8b 75 d0 4c 8b 6d d8 4c 8b 65 e0 48
0x000001eb6228124d:   8b 5d f8 48 8b 7d e8 48 8b 75 f0 48 81 c4 d8 01
0x000001eb6228125d:   00 00 c5 f8 77 5d c3 48 89 01 e9 ab fe ff ff c5
0x000001eb6228126d:   fa 11 01 e9 a2 fe ff ff c5 fb 11 01 e9 99 fe ff
0x000001eb6228127d:   ff 49 89 47 08 49 ba 90 10 1b da fb 7f 00 00 4d
0x000001eb6228128d:   89 57 10 41 c7 47 18 e2 01 00 00 e9 4d fe ff ff
0x000001eb6228129d:   f0 83 44 24 c0 00 c3 48 8b c4 48 83 c0 08 c3 c3
0x000001eb622812ad:   50 41 51 41 50 52 b8 00 00 80 7f 45 33 c9 44 8b
0x000001eb622812bd:   44 24 28 41 8b d0 81 e2 ff ff ff 7f 3b c2 0f 88
0x000001eb622812cd:   12 00 00 00 45 85 c0 41 b9 00 00 00 80 b8 ff ff
0x000001eb622812dd:   ff 7f 44 0f 49 c8 4c 89 4c 24 28 5a 41 58 41 59
0x000001eb622812ed:   58 c3 50 41 51 41 50 52 b8 00 00 80 7f 45 33 c9
0x000001eb622812fd:   44 8b 44 24 28 41 8b d0 81 e2 ff ff ff 7f 3b c2
0x000001eb6228130d:   0f 88 1b 00 00 00 45 85 c0 49 b9 00 00 00 00 00
0x000001eb6228131d:   00 00 80 48 b8 ff ff ff ff ff ff ff 7f 4c 0f 49
0x000001eb6228132d:   c8 4c 89 4c 24 28 5a 41 58 41 59 58 c3 50 41 51
0x000001eb6228133d:   41 50 52 51 b8 00 00 f0 7f 4c 8b 44 24 30 45 8b
0x000001eb6228134d:   c8 49 8b d0 49 8b c8 41 f7 d9 48 c1 ea 20 45 0b
0x000001eb6228135d:   c8 81 e2 ff ff ff 7f 45 33 c0 41 c1 e9 1f 41 0b
0x000001eb6228136d:   d1 3b c2 0f 88 12 00 00 00 48 85 c9 41 b8 00 00
0x000001eb6228137d:   00 80 b8 ff ff ff 7f 4c 0f 49 c0 4c 89 44 24 30
0x000001eb6228138d:   59 5a 41 58 41 59 58 c3 50 41 51 41 50 52 51 b8 


Stack slot to memory mapping:
stack at sp + 0 slots: 0x00007ffbd9ea500f jvm.dll
stack at sp + 1 slots: 0x000001eb6bf29b00 points into unknown readable memory: 0x00007ffbda1a0578 | 78 05 1a da fb 7f 00 00
stack at sp + 2 slots: 0x00007ffbda19f770 jvm.dll
stack at sp + 3 slots: 0x0000000000000001 is an unknown value
stack at sp + 4 slots: 0x00000013677ff138 points into unknown readable memory: 0x000001eb55ed5f80 | 80 5f ed 55 eb 01 00 00
stack at sp + 5 slots: 0x0000000000000003 is an unknown value
stack at sp + 6 slots: 0x0000000000000005 is an unknown value
stack at sp + 7 slots: 0x00000013677ff190 points into unknown readable memory: 0xffffffff0000000a | 0a 00 00 00 ff ff ff ff

StubRoutines::orderaccess_fence [0x000001eb6228129d, 0x000001eb622812a4] (7 bytes)
[MachCode]
  0x000001eb6228129d: f083 4424 | 
[/MachCode]

---------------  P R O C E S S  ---------------

Threads class SMR info:
_java_thread_list=0x000001eb729db8a0, length=43, elements={
0x000001eb580bf4e0, 0x000001eb6bf47620, 0x000001eb6bf48360, 0x000001eb7128d790,
0x000001eb7128e250, 0x000001eb7128f3b0, 0x000001eb712bd020, 0x000001eb712c5070,
0x000001eb712e8130, 0x000001eb712f91f0, 0x000001eb713c1000, 0x000001eb728809e0,
0x000001eb730d3a90, 0x000001eb73210210, 0x000001eb7309b300, 0x000001eb73124470,
0x000001eb7331b210, 0x000001eb73577480, 0x000001eb735a4170, 0x000001eb735a2960,
0x000001eb735a37d0, 0x000001eb735a2e30, 0x000001eb735a3300, 0x000001eb74d25550,
0x000001eb74d298b0, 0x000001eb74d22a00, 0x000001eb74d27bd0, 0x000001eb74d28a40,
0x000001eb74d280a0, 0x000001eb74d25a20, 0x000001eb74d263c0, 0x000001eb74d25ef0,
0x000001eb74d27230, 0x000001eb74d23870, 0x000001eb74d23d40, 0x000001eb74d24bb0,
0x000001eb74d293e0, 0x000001eb74d28f10, 0x000001eb74d22530, 0x000001eb74f160f0,
0x000001eb74f16a90, 0x000001eb75466d20, 0x000001eb754624f0
}

Java Threads: ( => current thread )
  0x000001eb580bf4e0 JavaThread "main" [_thread_blocked, id=6228, stack(0x0000001367500000,0x0000001367600000)]
  0x000001eb6bf47620 JavaThread "Reference Handler" daemon [_thread_blocked, id=24736, stack(0x0000001367800000,0x0000001367900000)]
  0x000001eb6bf48360 JavaThread "Finalizer" daemon [_thread_blocked, id=1516, stack(0x0000001367900000,0x0000001367a00000)]
  0x000001eb7128d790 JavaThread "Signal Dispatcher" daemon [_thread_blocked, id=6016, stack(0x0000001367a00000,0x0000001367b00000)]
  0x000001eb7128e250 JavaThread "Attach Listener" daemon [_thread_blocked, id=22280, stack(0x0000001367b00000,0x0000001367c00000)]
  0x000001eb7128f3b0 JavaThread "Service Thread" daemon [_thread_blocked, id=17656, stack(0x0000001367c00000,0x0000001367d00000)]
  0x000001eb712bd020 JavaThread "Monitor Deflation Thread" daemon [_thread_blocked, id=25480, stack(0x0000001367d00000,0x0000001367e00000)]
  0x000001eb712c5070 JavaThread "C2 CompilerThread0" daemon [_thread_blocked, id=9012, stack(0x0000001367e00000,0x0000001367f00000)]
  0x000001eb712e8130 JavaThread "C1 CompilerThread0" daemon [_thread_blocked, id=14172, stack(0x0000001367f00000,0x0000001368000000)]
  0x000001eb712f91f0 JavaThread "Sweeper thread" daemon [_thread_blocked, id=19244, stack(0x0000001368000000,0x0000001368100000)]
  0x000001eb713c1000 JavaThread "Common-Cleaner" daemon [_thread_blocked, id=11988, stack(0x0000001368100000,0x0000001368200000)]
  0x000001eb728809e0 JavaThread "Notification Thread" daemon [_thread_blocked, id=8972, stack(0x0000001368300000,0x0000001368400000)]
  0x000001eb730d3a90 JavaThread "Active Thread: Equinox Container: 2632e015-3e9f-4677-b92d-8d39680b1c72" [_thread_blocked, id=16424, stack(0x0000001368500000,0x0000001368600000)]
  0x000001eb73210210 JavaThread "Framework Event Dispatcher: Equinox Container: 2632e015-3e9f-4677-b92d-8d39680b1c72" daemon [_thread_blocked, id=3232, stack(0x0000001368200000,0x0000001368300000)]
  0x000001eb7309b300 JavaThread "Start Level: Equinox Container: 2632e015-3e9f-4677-b92d-8d39680b1c72" daemon [_thread_blocked, id=23476, stack(0x0000001368c00000,0x0000001368d00000)]
  0x000001eb73124470 JavaThread "SCR Component Actor" daemon [_thread_blocked, id=22732, stack(0x0000001368d00000,0x0000001368e00000)]
  0x000001eb7331b210 JavaThread "Worker-JM" [_thread_blocked, id=20316, stack(0x0000001369000000,0x0000001369100000)]
  0x000001eb73577480 JavaThread "Worker-0" [_thread_blocked, id=4248, stack(0x0000001369300000,0x0000001369400000)]
  0x000001eb735a4170 JavaThread "Worker-1" [_thread_blocked, id=11080, stack(0x0000001369400000,0x0000001369500000)]
  0x000001eb735a2960 JavaThread "Java indexing" daemon [_thread_blocked, id=16820, stack(0x0000001369700000,0x0000001369800000)]
  0x000001eb735a37d0 JavaThread "JNA Cleaner" daemon [_thread_blocked, id=13320, stack(0x0000001369800000,0x0000001369900000)]
  0x000001eb735a2e30 JavaThread "pool-2-thread-1" [_thread_blocked, id=18364, stack(0x0000001369900000,0x0000001369a00000)]
  0x000001eb735a3300 JavaThread "WorkspaceEventsHandler" [_thread_blocked, id=21456, stack(0x0000001369a00000,0x0000001369b00000)]
  0x000001eb74d25550 JavaThread "pool-1-thread-1" [_thread_in_native, id=24120, stack(0x0000001369b00000,0x0000001369c00000)]
  0x000001eb74d298b0 JavaThread "Worker-2" [_thread_blocked, id=2244, stack(0x0000001369c00000,0x0000001369d00000)]
  0x000001eb74d22a00 JavaThread "Worker-3" [_thread_blocked, id=14856, stack(0x0000001369d00000,0x0000001369e00000)]
  0x000001eb74d27bd0 JavaThread "ForkJoinPool.commonPool-worker-1" daemon [_thread_blocked, id=11564, stack(0x0000001369e00000,0x0000001369f00000)]
  0x000001eb74d28a40 JavaThread "ForkJoinPool.commonPool-worker-2" daemon [_thread_blocked, id=23896, stack(0x0000001369f00000,0x000000136a000000)]
  0x000001eb74d280a0 JavaThread "ForkJoinPool.commonPool-worker-3" daemon [_thread_blocked, id=13300, stack(0x000000136a000000,0x000000136a100000)]
  0x000001eb74d25a20 JavaThread "ForkJoinPool.commonPool-worker-4" daemon [_thread_blocked, id=13608, stack(0x000000136a100000,0x000000136a200000)]
  0x000001eb74d263c0 JavaThread "ForkJoinPool.commonPool-worker-5" daemon [_thread_blocked, id=12864, stack(0x000000136a200000,0x000000136a300000)]
  0x000001eb74d25ef0 JavaThread "ForkJoinPool.commonPool-worker-6" daemon [_thread_blocked, id=17288, stack(0x000000136a300000,0x000000136a400000)]
  0x000001eb74d27230 JavaThread "Bundle File Closer" daemon [_thread_blocked, id=11056, stack(0x000000136a400000,0x000000136a500000)]
  0x000001eb74d23870 JavaThread "Worker-4" [_thread_blocked, id=2336, stack(0x000000136a500000,0x000000136a600000)]
  0x000001eb74d23d40 JavaThread "ForkJoinPool.commonPool-worker-7" daemon [_thread_blocked, id=24632, stack(0x000000136a600000,0x000000136a700000)]
  0x000001eb74d24bb0 JavaThread "ForkJoinPool.commonPool-worker-8" daemon [_thread_blocked, id=22224, stack(0x0000001369500000,0x0000001369600000)]
  0x000001eb74d293e0 JavaThread "ForkJoinPool.commonPool-worker-9" daemon [_thread_blocked, id=17364, stack(0x000000136a700000,0x000000136a800000)]
  0x000001eb74d28f10 JavaThread "ForkJoinPool.commonPool-worker-10" daemon [_thread_blocked, id=15460, stack(0x000000136a800000,0x000000136a900000)]
  0x000001eb74d22530 JavaThread "ForkJoinPool.commonPool-worker-11" daemon [_thread_blocked, id=9700, stack(0x000000136a900000,0x000000136aa00000)]
  0x000001eb74f160f0 JavaThread "pool-1-thread-2" [_thread_blocked, id=24528, stack(0x0000001368f00000,0x0000001369000000)]
  0x000001eb74f16a90 JavaThread "Worker-5" [_thread_blocked, id=23704, stack(0x0000001369600000,0x0000001369700000)]
  0x000001eb75466d20 JavaThread "Worker-6" [_thread_blocked, id=18724, stack(0x0000001367400000,0x0000001367500000)]
  0x000001eb754624f0 JavaThread "Worker-7" [_thread_blocked, id=17436, stack(0x000000136ac00000,0x000000136ad00000)]

Other Threads:
  0x000001eb6be16e40 VMThread "VM Thread" [stack: 0x0000001367700000,0x0000001367800000] [id=22312]
  0x000001eb715facd0 WatcherThread [stack: 0x0000001368400000,0x0000001368500000] [id=24776]
  0x000001eb580d3970 GCTaskThread "GC Thread#0" [stack: 0x0000001367600000,0x0000001367700000] [id=6844]
  0x000001eb73082cb0 GCTaskThread "GC Thread#1" [stack: 0x0000001368600000,0x0000001368700000] [id=17664]
  0x000001eb72fb06d0 GCTaskThread "GC Thread#2" [stack: 0x0000001368700000,0x0000001368800000] [id=16388]
  0x000001eb73269090 GCTaskThread "GC Thread#3" [stack: 0x0000001368800000,0x0000001368900000] [id=13264]
  0x000001eb73269340 GCTaskThread "GC Thread#4" [stack: 0x0000001368900000,0x0000001368a00000] [id=8832]
=>0x000001eb730c9860 GCTaskThread "GC Thread#5" [stack: 0x0000001368a00000,0x0000001368b00000] [id=7460]
  0x000001eb730c9b10 GCTaskThread "GC Thread#6" [stack: 0x0000001368b00000,0x0000001368c00000] [id=4492]
  0x000001eb55ed5560 GCTaskThread "GC Thread#7" [stack: 0x0000001368e00000,0x0000001368f00000] [id=14112]
  0x000001eb73546ab0 GCTaskThread "GC Thread#8" [stack: 0x0000001369100000,0x0000001369200000] [id=18032]
  0x000001eb735457e0 GCTaskThread "GC Thread#9" [stack: 0x0000001369200000,0x0000001369300000] [id=2504]

Threads with active compile tasks:
C2 CompilerThread0   109969 17875   !   4       lombok.core.configuration.FileSystemSourceCache::forUri (180 bytes)

VM state: at safepoint (normal execution)

VM Mutex/Monitor currently owned by a thread:  ([mutex/lock_event])
[0x000001eb580bb4c0] Threads_lock - owner thread: 0x000001eb6be16e40
[0x000001eb580bbee0] Heap_lock - owner thread: 0x000001eb74d27bd0

Heap address: 0x00000000c0000000, size: 1024 MB, Compressed Oops mode: 32-bit

CDS archive(s) not mapped
Compressed class space mapped at: 0x0000000100000000-0x0000000140000000, reserved size: 1073741824
Narrow klass base: 0x0000000000000000, Narrow klass shift: 3, Narrow klass range: 0x140000000

GC Precious Log:
 CPUs: 12 total, 12 available
 Memory: 32533M
 Large Page Support: Disabled
 NUMA Support: Disabled
 Compressed Oops: Enabled (32-bit)
 Alignments: Space 512K, Generation 512K, Heap 2M
 Heap Min Capacity: 100M
 Heap Initial Capacity: 100M
 Heap Max Capacity: 1G
 Pre-touch: Disabled
 Parallel Workers: 10

Heap:
 PSYoungGen      total 5120K, used 5120K [0x00000000eab00000, 0x00000000eb280000, 0x0000000100000000)
  eden space 4608K, 100% used [0x00000000eab00000,0x00000000eaf80000,0x00000000eaf80000)
  from space 512K, 100% used [0x00000000eb200000,0x00000000eb280000,0x00000000eb280000)
  to   space 1536K, 47% used [0x00000000eaf80000,0x00000000eb035200,0x00000000eb100000)
 ParOldGen       total 145920K, used 131749K [0x00000000c0000000, 0x00000000c8e80000, 0x00000000eab00000)
  object space 145920K, 90% used [0x00000000c0000000,0x00000000c80a94e0,0x00000000c8e80000)
 Metaspace       used 89185K, committed 90496K, reserved 1179648K
  class space    used 9360K, committed 9920K, reserved 1048576K

Card table byte_map: [0x000001eb57a80000,0x000001eb57c90000] _byte_map_base: 0x000001eb57480000

Marking Bits: (ParMarkBitMap*) 0x00007ffbda3752c0
 Begin Bits: [0x000001eb69d50000, 0x000001eb6ad50000)
 End Bits:   [0x000001eb6ad50000, 0x000001eb6bd50000)

Polling page: 0x000001eb56050000

Metaspace:

Usage:
  Non-class:     77.95 MB used.
      Class:      9.14 MB used.
       Both:     87.09 MB used.

Virtual space:
  Non-class space:      128.00 MB reserved,      78.69 MB ( 61%) committed,  2 nodes.
      Class space:        1.00 GB reserved,       9.69 MB ( <1%) committed,  1 nodes.
             Both:        1.12 GB reserved,      88.38 MB (  8%) committed. 

Chunk freelists:
   Non-Class:  944.00 KB
       Class:  6.33 MB
        Both:  7.25 MB

MaxMetaspaceSize: unlimited
CompressedClassSpaceSize: 1.00 GB
Initial GC threshold: 21.00 MB
Current GC threshold: 147.19 MB
CDS: off
MetaspaceReclaimPolicy: balanced
 - commit_granule_bytes: 65536.
 - commit_granule_words: 8192.
 - virtual_space_node_default_size: 8388608.
 - enlarge_chunks_in_place: 1.
 - new_chunks_are_fully_committed: 0.
 - uncommit_free_chunks: 1.
 - use_allocation_guard: 0.
 - handle_deallocations: 1.


Internal statistics:

num_allocs_failed_limit: 9.
num_arena_births: 974.
num_arena_deaths: 30.
num_vsnodes_births: 3.
num_vsnodes_deaths: 0.
num_space_committed: 1414.
num_space_uncommitted: 0.
num_chunks_returned_to_freelist: 47.
num_chunks_taken_from_freelist: 4616.
num_chunk_merges: 23.
num_chunk_splits: 2879.
num_chunks_enlarged: 1711.
num_inconsistent_stats: 0.

CodeHeap 'non-profiled nmethods': size=120000Kb used=13340Kb max_used=14075Kb free=106659Kb
 bounds [0x000001eb62820000, 0x000001eb635f0000, 0x000001eb69d50000]
CodeHeap 'profiled nmethods': size=120000Kb used=29663Kb max_used=31102Kb free=90336Kb
 bounds [0x000001eb5ad50000, 0x000001eb5cbc0000, 0x000001eb62280000]
CodeHeap 'non-nmethods': size=5760Kb used=1441Kb max_used=1489Kb free=4318Kb
 bounds [0x000001eb62280000, 0x000001eb624f0000, 0x000001eb62820000]
 total_blobs=14536 nmethods=13754 adapters=693
 compilation: enabled
              stopped_count=0, restarted_count=0
 full_count=0

Compilation events (20 events):
Event: 109.614 Thread 0x000001eb712c5070 17867       4       org.eclipse.jdt.internal.core.util.HashtableOfArrayToObject::containsKey (64 bytes)
Event: 109.615 Thread 0x000001eb712e8130 nmethod 17865 0x000001eb5b70ca10 code [0x000001eb5b70cbe0, 0x000001eb5b70cd28]
Event: 109.615 Thread 0x000001eb712e8130 17866       3       org.eclipse.jface.text.GapTextStore::<init> (87 bytes)
Event: 109.615 Thread 0x000001eb712e8130 nmethod 17866 0x000001eb5b729990 code [0x000001eb5b729bc0, 0x000001eb5b72a338]
Event: 109.620 Thread 0x000001eb712c5070 nmethod 17867 0x000001eb62d47090 code [0x000001eb62d47240, 0x000001eb62d47a48]
Event: 109.620 Thread 0x000001eb712c5070 17868   !   4       org.eclipse.jdt.internal.compiler.parser.Parser::moveRecoveryCheckpoint (241 bytes)
Event: 109.621 Thread 0x000001eb712e8130 17869   !   3       org.eclipse.jdt.core.dom.ASTConverter::retrieveEndOfPotentialExtendedDimensions (244 bytes)
Event: 109.621 Thread 0x000001eb712e8130 nmethod 17869 0x000001eb5ba73690 code [0x000001eb5ba738a0, 0x000001eb5ba743c8]
Event: 109.621 Thread 0x000001eb712e8130 17870       3       org.eclipse.jdt.core.dom.DefaultASTVisitor::visit (6 bytes)
Event: 109.621 Thread 0x000001eb712e8130 nmethod 17870 0x000001eb5b7ac410 code [0x000001eb5b7ac5c0, 0x000001eb5b7ac788]
Event: 109.621 Thread 0x000001eb712e8130 17871       3       org.eclipse.jdt.core.dom.DefaultASTVisitor::endVisit (6 bytes)
Event: 109.621 Thread 0x000001eb712e8130 nmethod 17871 0x000001eb5b7c7410 code [0x000001eb5b7c75c0, 0x000001eb5b7c7788]
Event: 109.623 Thread 0x000001eb712c5070 nmethod 17868 0x000001eb632a4c10 code [0x000001eb632a4dc0, 0x000001eb632a50d8]
Event: 109.623 Thread 0x000001eb712c5070 17873       4       org.eclipse.jdt.core.dom.SingleVariableDeclaration::accept0 (112 bytes)
Event: 109.625 Thread 0x000001eb712c5070 nmethod 17873 0x000001eb62fe2090 code [0x000001eb62fe2280, 0x000001eb62fe2680]
Event: 109.625 Thread 0x000001eb712c5070 17872       4       org.eclipse.jdt.core.dom.ASTVisitor::endVisit (1 bytes)
Event: 109.625 Thread 0x000001eb712c5070 nmethod 17872 0x000001eb62fcaa90 code [0x000001eb62fcac00, 0x000001eb62fcac78]
Event: 109.924 Thread 0x000001eb712e8130 17874       3       org.eclipse.jdt.internal.compiler.parser.Parser::consumeConstructorHeader (125 bytes)
Event: 109.924 Thread 0x000001eb712e8130 nmethod 17874 0x000001eb5b372590 code [0x000001eb5b372760, 0x000001eb5b372be8]
Event: 109.925 Thread 0x000001eb712c5070 17875   !   4       lombok.core.configuration.FileSystemSourceCache::forUri (180 bytes)

GC Heap History (20 events):
Event: 108.244 GC heap after
{Heap after GC invocations=766 (full 25):
 PSYoungGen      total 5632K, used 660K [0x00000000eab00000, 0x00000000eb400000, 0x0000000100000000)
  eden space 4608K, 0% used [0x00000000eab00000,0x00000000eab00000,0x00000000eaf80000)
  from space 1024K, 64% used [0x00000000eb280000,0x00000000eb325200,0x00000000eb380000)
  to   space 512K, 0% used [0x00000000eb380000,0x00000000eb380000,0x00000000eb400000)
 ParOldGen       total 145920K, used 125384K [0x00000000c0000000, 0x00000000c8e80000, 0x00000000eab00000)
  object space 145920K, 85% used [0x00000000c0000000,0x00000000c7a72320,0x00000000c8e80000)
 Metaspace       used 89164K, committed 90432K, reserved 1179648K
  class space    used 9356K, committed 9920K, reserved 1048576K
}
Event: 108.248 GC heap before
{Heap before GC invocations=767 (full 25):
 PSYoungGen      total 5632K, used 5268K [0x00000000eab00000, 0x00000000eb400000, 0x0000000100000000)
  eden space 4608K, 100% used [0x00000000eab00000,0x00000000eaf80000,0x00000000eaf80000)
  from space 1024K, 64% used [0x00000000eb280000,0x00000000eb325200,0x00000000eb380000)
  to   space 512K, 0% used [0x00000000eb380000,0x00000000eb380000,0x00000000eb400000)
 ParOldGen       total 145920K, used 125384K [0x00000000c0000000, 0x00000000c8e80000, 0x00000000eab00000)
  object space 145920K, 85% used [0x00000000c0000000,0x00000000c7a72320,0x00000000c8e80000)
 Metaspace       used 89164K, committed 90432K, reserved 1179648K
  class space    used 9356K, committed 9920K, reserved 1048576K
}
Event: 108.248 GC heap after
{Heap after GC invocations=767 (full 25):
 PSYoungGen      total 5120K, used 512K [0x00000000eab00000, 0x00000000eb400000, 0x0000000100000000)
  eden space 4608K, 0% used [0x00000000eab00000,0x00000000eab00000,0x00000000eaf80000)
  from space 512K, 100% used [0x00000000eb380000,0x00000000eb400000,0x00000000eb400000)
  to   space 1536K, 0% used [0x00000000eb100000,0x00000000eb100000,0x00000000eb280000)
 ParOldGen       total 145920K, used 126009K [0x00000000c0000000, 0x00000000c8e80000, 0x00000000eab00000)
  object space 145920K, 86% used [0x00000000c0000000,0x00000000c7b0e5d8,0x00000000c8e80000)
 Metaspace       used 89164K, committed 90432K, reserved 1179648K
  class space    used 9356K, committed 9920K, reserved 1048576K
}
Event: 108.254 GC heap before
{Heap before GC invocations=768 (full 25):
 PSYoungGen      total 5120K, used 5120K [0x00000000eab00000, 0x00000000eb400000, 0x0000000100000000)
  eden space 4608K, 100% used [0x00000000eab00000,0x00000000eaf80000,0x00000000eaf80000)
  from space 512K, 100% used [0x00000000eb380000,0x00000000eb400000,0x00000000eb400000)
  to   space 1536K, 0% used [0x00000000eb100000,0x00000000eb100000,0x00000000eb280000)
 ParOldGen       total 145920K, used 126009K [0x00000000c0000000, 0x00000000c8e80000, 0x00000000eab00000)
  object space 145920K, 86% used [0x00000000c0000000,0x00000000c7b0e5d8,0x00000000c8e80000)
 Metaspace       used 89164K, committed 90432K, reserved 1179648K
  class space    used 9356K, committed 9920K, reserved 1048576K
}
Event: 108.255 GC heap after
{Heap after GC invocations=768 (full 25):
 PSYoungGen      total 6144K, used 986K [0x00000000eab00000, 0x00000000eb400000, 0x0000000100000000)
  eden space 4608K, 0% used [0x00000000eab00000,0x00000000eab00000,0x00000000eaf80000)
  from space 1536K, 64% used [0x00000000eb100000,0x00000000eb1f6900,0x00000000eb280000)
  to   space 1536K, 0% used [0x00000000eb280000,0x00000000eb280000,0x00000000eb400000)
 ParOldGen       total 145920K, used 126513K [0x00000000c0000000, 0x00000000c8e80000, 0x00000000eab00000)
  object space 145920K, 86% used [0x00000000c0000000,0x00000000c7b8c5e8,0x00000000c8e80000)
 Metaspace       used 89164K, committed 90432K, reserved 1179648K
  class space    used 9356K, committed 9920K, reserved 1048576K
}
Event: 108.963 GC heap before
{Heap before GC invocations=769 (full 25):
 PSYoungGen      total 6144K, used 5594K [0x00000000eab00000, 0x00000000eb400000, 0x0000000100000000)
  eden space 4608K, 100% used [0x00000000eab00000,0x00000000eaf80000,0x00000000eaf80000)
  from space 1536K, 64% used [0x00000000eb100000,0x00000000eb1f6900,0x00000000eb280000)
  to   space 1536K, 0% used [0x00000000eb280000,0x00000000eb280000,0x00000000eb400000)
 ParOldGen       total 145920K, used 126513K [0x00000000c0000000, 0x00000000c8e80000, 0x00000000eab00000)
  object space 145920K, 86% used [0x00000000c0000000,0x00000000c7b8c5e8,0x00000000c8e80000)
 Metaspace       used 89178K, committed 90432K, reserved 1179648K
  class space    used 9360K, committed 9920K, reserved 1048576K
}
Event: 108.964 GC heap after
{Heap after GC invocations=769 (full 25):
 PSYoungGen      total 5632K, used 704K [0x00000000eab00000, 0x00000000eb380000, 0x0000000100000000)
  eden space 4608K, 0% used [0x00000000eab00000,0x00000000eab00000,0x00000000eaf80000)
  from space 1024K, 68% used [0x00000000eb280000,0x00000000eb330000,0x00000000eb380000)
  to   space 1024K, 0% used [0x00000000eb180000,0x00000000eb180000,0x00000000eb280000)
 ParOldGen       total 145920K, used 127362K [0x00000000c0000000, 0x00000000c8e80000, 0x00000000eab00000)
  object space 145920K, 87% used [0x00000000c0000000,0x00000000c7c608b0,0x00000000c8e80000)
 Metaspace       used 89178K, committed 90432K, reserved 1179648K
  class space    used 9360K, committed 9920K, reserved 1048576K
}
Event: 108.968 GC heap before
{Heap before GC invocations=770 (full 25):
 PSYoungGen      total 5632K, used 5312K [0x00000000eab00000, 0x00000000eb380000, 0x0000000100000000)
  eden space 4608K, 100% used [0x00000000eab00000,0x00000000eaf80000,0x00000000eaf80000)
  from space 1024K, 68% used [0x00000000eb280000,0x00000000eb330000,0x00000000eb380000)
  to   space 1024K, 0% used [0x00000000eb180000,0x00000000eb180000,0x00000000eb280000)
 ParOldGen       total 145920K, used 127362K [0x00000000c0000000, 0x00000000c8e80000, 0x00000000eab00000)
  object space 145920K, 87% used [0x00000000c0000000,0x00000000c7c608b0,0x00000000c8e80000)
 Metaspace       used 89178K, committed 90432K, reserved 1179648K
  class space    used 9360K, committed 9920K, reserved 1048576K
}
Event: 108.968 GC heap after
{Heap after GC invocations=770 (full 25):
 PSYoungGen      total 5632K, used 714K [0x00000000eab00000, 0x00000000eb300000, 0x0000000100000000)
  eden space 4608K, 0% used [0x00000000eab00000,0x00000000eab00000,0x00000000eaf80000)
  from space 1024K, 69% used [0x00000000eb180000,0x00000000eb232910,0x00000000eb280000)
  to   space 512K, 0% used [0x00000000eb280000,0x00000000eb280000,0x00000000eb300000)
 ParOldGen       total 145920K, used 127878K [0x00000000c0000000, 0x00000000c8e80000, 0x00000000eab00000)
  object space 145920K, 87% used [0x00000000c0000000,0x00000000c7ce1958,0x00000000c8e80000)
 Metaspace       used 89178K, committed 90432K, reserved 1179648K
  class space    used 9360K, committed 9920K, reserved 1048576K
}
Event: 108.974 GC heap before
{Heap before GC invocations=771 (full 25):
 PSYoungGen      total 5632K, used 5322K [0x00000000eab00000, 0x00000000eb300000, 0x0000000100000000)
  eden space 4608K, 100% used [0x00000000eab00000,0x00000000eaf80000,0x00000000eaf80000)
  from space 1024K, 69% used [0x00000000eb180000,0x00000000eb232910,0x00000000eb280000)
  to   space 512K, 0% used [0x00000000eb280000,0x00000000eb280000,0x00000000eb300000)
 ParOldGen       total 145920K, used 127878K [0x00000000c0000000, 0x00000000c8e80000, 0x00000000eab00000)
  object space 145920K, 87% used [0x00000000c0000000,0x00000000c7ce1958,0x00000000c8e80000)
 Metaspace       used 89179K, committed 90432K, reserved 1179648K
  class space    used 9360K, committed 9920K, reserved 1048576K
}
Event: 108.975 GC heap after
{Heap after GC invocations=771 (full 25):
 PSYoungGen      total 5120K, used 512K [0x00000000eab00000, 0x00000000eb380000, 0x0000000100000000)
  eden space 4608K, 0% used [0x00000000eab00000,0x00000000eab00000,0x00000000eaf80000)
  from space 512K, 100% used [0x00000000eb280000,0x00000000eb300000,0x00000000eb300000)
  to   space 2048K, 0% used [0x00000000eaf80000,0x00000000eaf80000,0x00000000eb180000)
 ParOldGen       total 145920K, used 128855K [0x00000000c0000000, 0x00000000c8e80000, 0x00000000eab00000)
  object space 145920K, 88% used [0x00000000c0000000,0x00000000c7dd5d98,0x00000000c8e80000)
 Metaspace       used 89179K, committed 90432K, reserved 1179648K
  class space    used 9360K, committed 9920K, reserved 1048576K
}
Event: 109.605 GC heap before
{Heap before GC invocations=772 (full 25):
 PSYoungGen      total 5120K, used 5120K [0x00000000eab00000, 0x00000000eb380000, 0x0000000100000000)
  eden space 4608K, 100% used [0x00000000eab00000,0x00000000eaf80000,0x00000000eaf80000)
  from space 512K, 100% used [0x00000000eb280000,0x00000000eb300000,0x00000000eb300000)
  to   space 2048K, 0% used [0x00000000eaf80000,0x00000000eaf80000,0x00000000eb180000)
 ParOldGen       total 145920K, used 128855K [0x00000000c0000000, 0x00000000c8e80000, 0x00000000eab00000)
  object space 145920K, 88% used [0x00000000c0000000,0x00000000c7dd5d98,0x00000000c8e80000)
 Metaspace       used 89180K, committed 90432K, reserved 1179648K
  class space    used 9360K, committed 9920K, reserved 1048576K
}
Event: 109.606 GC heap after
{Heap after GC invocations=772 (full 25):
 PSYoungGen      total 6656K, used 640K [0x00000000eab00000, 0x00000000eb300000, 0x0000000100000000)
  eden space 4608K, 0% used [0x00000000eab00000,0x00000000eab00000,0x00000000eaf80000)
  from space 2048K, 31% used [0x00000000eaf80000,0x00000000eb020000,0x00000000eb180000)
  to   space 1024K, 0% used [0x00000000eb200000,0x00000000eb200000,0x00000000eb300000)
 ParOldGen       total 145920K, used 129367K [0x00000000c0000000, 0x00000000c8e80000, 0x00000000eab00000)
  object space 145920K, 88% used [0x00000000c0000000,0x00000000c7e55fd8,0x00000000c8e80000)
 Metaspace       used 89180K, committed 90432K, reserved 1179648K
  class space    used 9360K, committed 9920K, reserved 1048576K
}
Event: 109.611 GC heap before
{Heap before GC invocations=773 (full 25):
 PSYoungGen      total 6656K, used 5248K [0x00000000eab00000, 0x00000000eb300000, 0x0000000100000000)
  eden space 4608K, 100% used [0x00000000eab00000,0x00000000eaf80000,0x00000000eaf80000)
  from space 2048K, 31% used [0x00000000eaf80000,0x00000000eb020000,0x00000000eb180000)
  to   space 1024K, 0% used [0x00000000eb200000,0x00000000eb200000,0x00000000eb300000)
 ParOldGen       total 145920K, used 129367K [0x00000000c0000000, 0x00000000c8e80000, 0x00000000eab00000)
  object space 145920K, 88% used [0x00000000c0000000,0x00000000c7e55fd8,0x00000000c8e80000)
 Metaspace       used 89180K, committed 90432K, reserved 1179648K
  class space    used 9360K, committed 9920K, reserved 1048576K
}
Event: 109.611 GC heap after
{Heap after GC invocations=773 (full 25):
 PSYoungGen      total 5632K, used 682K [0x00000000eab00000, 0x00000000eb300000, 0x0000000100000000)
  eden space 4608K, 0% used [0x00000000eab00000,0x00000000eab00000,0x00000000eaf80000)
  from space 1024K, 66% used [0x00000000eb200000,0x00000000eb2aa910,0x00000000eb300000)
  to   space 1024K, 0% used [0x00000000eb100000,0x00000000eb100000,0x00000000eb200000)
 ParOldGen       total 145920K, used 129835K [0x00000000c0000000, 0x00000000c8e80000, 0x00000000eab00000)
  object space 145920K, 88% used [0x00000000c0000000,0x00000000c7ecafe8,0x00000000c8e80000)
 Metaspace       used 89180K, committed 90432K, reserved 1179648K
  class space    used 9360K, committed 9920K, reserved 1048576K
}
Event: 109.617 GC heap before
{Heap before GC invocations=774 (full 25):
 PSYoungGen      total 5632K, used 5290K [0x00000000eab00000, 0x00000000eb300000, 0x0000000100000000)
  eden space 4608K, 100% used [0x00000000eab00000,0x00000000eaf80000,0x00000000eaf80000)
  from space 1024K, 66% used [0x00000000eb200000,0x00000000eb2aa910,0x00000000eb300000)
  to   space 1024K, 0% used [0x00000000eb100000,0x00000000eb100000,0x00000000eb200000)
 ParOldGen       total 145920K, used 129835K [0x00000000c0000000, 0x00000000c8e80000, 0x00000000eab00000)
  object space 145920K, 88% used [0x00000000c0000000,0x00000000c7ecafe8,0x00000000c8e80000)
 Metaspace       used 89183K, committed 90496K, reserved 1179648K
  class space    used 9360K, committed 9920K, reserved 1048576K
}
Event: 109.617 GC heap after
{Heap after GC invocations=774 (full 25):
 PSYoungGen      total 5632K, used 1002K [0x00000000eab00000, 0x00000000eb280000, 0x0000000100000000)
  eden space 4608K, 0% used [0x00000000eab00000,0x00000000eab00000,0x00000000eaf80000)
  from space 1024K, 97% used [0x00000000eb100000,0x00000000eb1fa910,0x00000000eb200000)
  to   space 512K, 0% used [0x00000000eb200000,0x00000000eb200000,0x00000000eb280000)
 ParOldGen       total 145920K, used 130432K [0x00000000c0000000, 0x00000000c8e80000, 0x00000000eab00000)
  object space 145920K, 89% used [0x00000000c0000000,0x00000000c7f60208,0x00000000c8e80000)
 Metaspace       used 89183K, committed 90496K, reserved 1179648K
  class space    used 9360K, committed 9920K, reserved 1048576K
}
Event: 109.622 GC heap before
{Heap before GC invocations=775 (full 25):
 PSYoungGen      total 5632K, used 5610K [0x00000000eab00000, 0x00000000eb280000, 0x0000000100000000)
  eden space 4608K, 100% used [0x00000000eab00000,0x00000000eaf80000,0x00000000eaf80000)
  from space 1024K, 97% used [0x00000000eb100000,0x00000000eb1fa910,0x00000000eb200000)
  to   space 512K, 0% used [0x00000000eb200000,0x00000000eb200000,0x00000000eb280000)
 ParOldGen       total 145920K, used 130432K [0x00000000c0000000, 0x00000000c8e80000, 0x00000000eab00000)
  object space 145920K, 89% used [0x00000000c0000000,0x00000000c7f60208,0x00000000c8e80000)
 Metaspace       used 89185K, committed 90496K, reserved 1179648K
  class space    used 9360K, committed 9920K, reserved 1048576K
}
Event: 109.622 GC heap after
{Heap after GC invocations=775 (full 25):
 PSYoungGen      total 5120K, used 512K [0x00000000eab00000, 0x00000000eb280000, 0x0000000100000000)
  eden space 4608K, 0% used [0x00000000eab00000,0x00000000eab00000,0x00000000eaf80000)
  from space 512K, 100% used [0x00000000eb200000,0x00000000eb280000,0x00000000eb280000)
  to   space 1536K, 0% used [0x00000000eaf80000,0x00000000eaf80000,0x00000000eb100000)
 ParOldGen       total 145920K, used 131333K [0x00000000c0000000, 0x00000000c8e80000, 0x00000000eab00000)
  object space 145920K, 90% used [0x00000000c0000000,0x00000000c80414e0,0x00000000c8e80000)
 Metaspace       used 89185K, committed 90496K, reserved 1179648K
  class space    used 9360K, committed 9920K, reserved 1048576K
}
Event: 109.925 GC heap before
{Heap before GC invocations=776 (full 25):
 PSYoungGen      total 5120K, used 5120K [0x00000000eab00000, 0x00000000eb280000, 0x0000000100000000)
  eden space 4608K, 100% used [0x00000000eab00000,0x00000000eaf80000,0x00000000eaf80000)
  from space 512K, 100% used [0x00000000eb200000,0x00000000eb280000,0x00000000eb280000)
  to   space 1536K, 0% used [0x00000000eaf80000,0x00000000eaf80000,0x00000000eb100000)
 ParOldGen       total 145920K, used 131333K [0x00000000c0000000, 0x00000000c8e80000, 0x00000000eab00000)
  object space 145920K, 90% used [0x00000000c0000000,0x00000000c80414e0,0x00000000c8e80000)
 Metaspace       used 89185K, committed 90496K, reserved 1179648K
  class space    used 9360K, committed 9920K, reserved 1048576K
}

Dll operation events (11 events):
Event: 0.005 Loaded shared library c:\Users\matip\.vscode\extensions\redhat.java-1.19.0-win32-x64\jre\17.0.7-win32-x86_64\bin\java.dll
Event: 0.106 Loaded shared library c:\Users\matip\.vscode\extensions\redhat.java-1.19.0-win32-x64\jre\17.0.7-win32-x86_64\bin\zip.dll
Event: 0.108 Loaded shared library C:\Users\matip\.vscode\extensions\redhat.java-1.19.0-win32-x64\jre\17.0.7-win32-x86_64\bin\instrument.dll
Event: 0.117 Loaded shared library C:\Users\matip\.vscode\extensions\redhat.java-1.19.0-win32-x64\jre\17.0.7-win32-x86_64\bin\net.dll
Event: 0.118 Loaded shared library C:\Users\matip\.vscode\extensions\redhat.java-1.19.0-win32-x64\jre\17.0.7-win32-x86_64\bin\nio.dll
Event: 0.123 Loaded shared library C:\Users\matip\.vscode\extensions\redhat.java-1.19.0-win32-x64\jre\17.0.7-win32-x86_64\bin\zip.dll
Event: 0.135 Loaded shared library C:\Users\matip\.vscode\extensions\redhat.java-1.19.0-win32-x64\jre\17.0.7-win32-x86_64\bin\jimage.dll
Event: 0.172 Loaded shared library c:\Users\matip\.vscode\extensions\redhat.java-1.19.0-win32-x64\jre\17.0.7-win32-x86_64\bin\verify.dll
Event: 2.172 Loaded shared library C:\Users\matip\AppData\Roaming\Code\User\globalStorage\redhat.java\1.19.0\config_win\org.eclipse.equinox.launcher\org.eclipse.equinox.launcher.win32.win32.x86_64_1.2.700.v20221108-1024\eclipse_11801.dll
Event: 3.157 Loaded shared library C:\Users\matip\AppData\Local\Temp\jna-103668359\jna8995816216349599714.dll
Event: 12.345 Loaded shared library C:\Users\matip\.vscode\extensions\redhat.java-1.19.0-win32-x64\jre\17.0.7-win32-x86_64\bin\sunmscapi.dll

Deoptimization events (20 events):
Event: 105.813 Thread 0x000001eb74d28a40 Uncommon trap: trap_request=0xffffffc6 fr.pc=0x000001eb62ebeb64 relative=0x0000000000000aa4
Event: 105.813 Thread 0x000001eb74d28a40 Uncommon trap: reason=bimorphic_or_optimized_type_check action=maybe_recompile pc=0x000001eb62ebeb64 method=org.eclipse.jdt.ls.core.internal.handlers.JsonRpcHelpers.toLine(Lorg/eclipse/jface/text/IDocument;I)[I @ 6 c2
Event: 105.813 Thread 0x000001eb74d28a40 DEOPT PACKING pc=0x000001eb62ebeb64 sp=0x0000001369ffe9c0
Event: 105.813 Thread 0x000001eb74d28a40 DEOPT UNPACKING pc=0x000001eb622d9ea3 sp=0x0000001369ffe998 mode 2
Event: 106.517 Thread 0x000001eb74d27bd0 DEOPT PACKING pc=0x000001eb5c74a35b sp=0x0000001369efdda0
Event: 106.517 Thread 0x000001eb74d27bd0 DEOPT UNPACKING pc=0x000001eb622da9e3 sp=0x0000001369efd290 mode 0
Event: 106.524 Thread 0x000001eb74d27bd0 DEOPT PACKING pc=0x000001eb5cb626fc sp=0x0000001369efc8c0
Event: 106.524 Thread 0x000001eb74d27bd0 DEOPT UNPACKING pc=0x000001eb622da9e3 sp=0x0000001369efbe40 mode 0
Event: 106.769 Thread 0x000001eb74d27bd0 DEOPT PACKING pc=0x000001eb5ca8888b sp=0x0000001369efde50
Event: 106.769 Thread 0x000001eb74d27bd0 DEOPT UNPACKING pc=0x000001eb622da9e3 sp=0x0000001369efd378 mode 0
Event: 106.925 Thread 0x000001eb73577480 DEOPT PACKING pc=0x000001eb5c74a35b sp=0x00000013693feb10
Event: 106.925 Thread 0x000001eb73577480 DEOPT UNPACKING pc=0x000001eb622da9e3 sp=0x00000013693fe000 mode 0
Event: 107.023 Thread 0x000001eb74d27bd0 DEOPT PACKING pc=0x000001eb5cb626fc sp=0x0000001369efdfc0
Event: 107.023 Thread 0x000001eb74d27bd0 DEOPT UNPACKING pc=0x000001eb622da9e3 sp=0x0000001369efd540 mode 0
Event: 107.085 Thread 0x000001eb74d27bd0 Uncommon trap: trap_request=0xffffff45 fr.pc=0x000001eb6313cc10 relative=0x00000000000029d0
Event: 107.085 Thread 0x000001eb74d27bd0 Uncommon trap: reason=unstable_if action=reinterpret pc=0x000001eb6313cc10 method=org.eclipse.jdt.internal.core.SearchableEnvironment$4.acceptType(I[C[C[[CLjava/lang/String;Lorg/eclipse/jdt/internal/compiler/env/AccessRestriction;)V @ 4 c2
Event: 107.085 Thread 0x000001eb74d27bd0 DEOPT PACKING pc=0x000001eb6313cc10 sp=0x0000001369efdd90
Event: 107.085 Thread 0x000001eb74d27bd0 DEOPT UNPACKING pc=0x000001eb622d9ea3 sp=0x0000001369efdd88 mode 2
Event: 109.608 Thread 0x000001eb74d27bd0 DEOPT PACKING pc=0x000001eb5cb626fc sp=0x0000001369efd960
Event: 109.608 Thread 0x000001eb74d27bd0 DEOPT UNPACKING pc=0x000001eb622da9e3 sp=0x0000001369efcee0 mode 0

Classes unloaded (15 events):
Event: 2.537 Thread 0x000001eb6be16e40 Unloading class 0x0000000100218400 'java/lang/invoke/LambdaForm$MH+0x0000000100218400'
Event: 2.537 Thread 0x000001eb6be16e40 Unloading class 0x0000000100218000 'java/lang/invoke/LambdaForm$MH+0x0000000100218000'
Event: 2.537 Thread 0x000001eb6be16e40 Unloading class 0x0000000100217c00 'java/lang/invoke/LambdaForm$MH+0x0000000100217c00'
Event: 2.537 Thread 0x000001eb6be16e40 Unloading class 0x0000000100217400 'java/lang/invoke/LambdaForm$MH+0x0000000100217400'
Event: 2.537 Thread 0x000001eb6be16e40 Unloading class 0x0000000100217000 'java/lang/invoke/LambdaForm$BMH+0x0000000100217000'
Event: 2.537 Thread 0x000001eb6be16e40 Unloading class 0x0000000100216c00 'java/lang/invoke/LambdaForm$DMH+0x0000000100216c00'
Event: 2.537 Thread 0x000001eb6be16e40 Unloading class 0x0000000100214000 'java/lang/invoke/LambdaForm$DMH+0x0000000100214000'
Event: 9.118 Thread 0x000001eb6be16e40 Unloading class 0x000000010071e400 'java/lang/invoke/LambdaForm$MH+0x000000010071e400'
Event: 9.118 Thread 0x000001eb6be16e40 Unloading class 0x000000010071e000 'java/lang/invoke/LambdaForm$MH+0x000000010071e000'
Event: 9.118 Thread 0x000001eb6be16e40 Unloading class 0x000000010071dc00 'java/lang/invoke/LambdaForm$MH+0x000000010071dc00'
Event: 9.118 Thread 0x000001eb6be16e40 Unloading class 0x000000010071d800 'java/lang/invoke/LambdaForm$MH+0x000000010071d800'
Event: 9.118 Thread 0x000001eb6be16e40 Unloading class 0x000000010071d000 'java/lang/invoke/LambdaForm$DMH+0x000000010071d000'
Event: 9.118 Thread 0x000001eb6be16e40 Unloading class 0x000000010071c400 'java/lang/invoke/LambdaForm$DMH+0x000000010071c400'
Event: 9.118 Thread 0x000001eb6be16e40 Unloading class 0x000000010071cc00 'java/lang/invoke/LambdaForm$DMH+0x000000010071cc00'
Event: 9.118 Thread 0x000001eb6be16e40 Unloading class 0x000000010071c800 'java/lang/invoke/LambdaForm$DMH+0x000000010071c800'

Classes redefined (0 events):
No events

Internal exceptions (20 events):
Event: 70.309 Thread 0x000001eb74d23d40 Implicit null exception at 0x000001eb6311adf9 to 0x000001eb6311f214
Event: 70.355 Thread 0x000001eb74d22a00 Implicit null exception at 0x000001eb629733c8 to 0x000001eb629738e8
Event: 70.526 Thread 0x000001eb735a2960 Implicit null exception at 0x000001eb62d7af34 to 0x000001eb62d7b35c
Event: 70.528 Thread 0x000001eb735a2960 Implicit null exception at 0x000001eb62e6494f to 0x000001eb62e64dd0
Event: 71.449 Thread 0x000001eb74d28a40 Implicit null exception at 0x000001eb62f5ed39 to 0x000001eb62f60b18
Event: 75.567 Thread 0x000001eb74d25550 Exception <a 'java/lang/ClassCastException'{0x00000000eab57878}> (0x00000000eab57878) 
thrown [s\src\hotspot\share\runtime\sharedRuntime.cpp, line 628]
Event: 75.567 Thread 0x000001eb74d25550 Exception <a 'java/lang/ClassCastException'{0x00000000eab57cf0}> (0x00000000eab57cf0) 
thrown [s\src\hotspot\share\runtime\sharedRuntime.cpp, line 628]
Event: 76.399 Thread 0x000001eb74d27bd0 Exception <a 'java/lang/ArrayIndexOutOfBoundsException'{0x00000000ead68738}> (0x00000000ead68738) 
thrown [s\src\hotspot\share\runtime\sharedRuntime.cpp, line 628]
Event: 88.558 Thread 0x000001eb74f160f0 Exception <a 'java/lang/ClassNotFoundException'{0x00000000eab39bb0}: sun/net/www/protocol/jdt/Handler> (0x00000000eab39bb0) 
thrown [s\src\hotspot\share\classfile\systemDictionary.cpp, line 256]
Event: 88.558 Thread 0x000001eb74f160f0 Exception <a 'java/lang/ClassNotFoundException'{0x00000000eab3c230}: sun/net/www/protocol/jdt/Handler> (0x00000000eab3c230) 
thrown [s\src\hotspot\share\classfile\systemDictionary.cpp, line 256]
Event: 92.078 Thread 0x000001eb735a2960 Exception <a 'sun/nio/fs/WindowsException'{0x00000000eace6360}> (0x00000000eace6360) 
thrown [s\src\hotspot\share\prims\jni.cpp, line 516]
Event: 92.386 Thread 0x000001eb735a2960 Exception <a 'sun/nio/fs/WindowsException'{0x00000000eac1fd78}> (0x00000000eac1fd78) 
thrown [s\src\hotspot\share\prims\jni.cpp, line 516]
Event: 96.244 Thread 0x000001eb74d28a40 Exception <a 'java/lang/NoSuchMethodError'{0x00000000eafcf638}: 'void java.lang.invoke.DirectMethodHandle$Holder.invokeSpecial(java.lang.Object, java.lang.Object, int)'> (0x00000000eafcf638) 
thrown [s\src\hotspot\share\interpreter\linkResolver.cpp, line 759]
Event: 96.253 Thread 0x000001eb74d28a40 Implicit null exception at 0x000001eb630c475d to 0x000001eb630c5154
Event: 99.024 Thread 0x000001eb74d28a40 Implicit null exception at 0x000001eb62d472b6 to 0x000001eb62d47840
Event: 105.036 Thread 0x000001eb74d28a40 Exception <a 'java/lang/NoSuchMethodError'{0x00000000eac4e118}: 'java.lang.Object java.lang.invoke.DirectMethodHandle$Holder.invokeStaticInit(java.lang.Object, java.lang.Object, int)'> (0x00000000eac4e118) 
thrown [s\src\hotspot\share\interpreter\linkResolver.cpp, line 759]
Event: 105.054 Thread 0x000001eb74d28a40 Exception <a 'java/lang/NoSuchMethodError'{0x00000000eab2a858}: 'void java.lang.invoke.DirectMethodHandle$Holder.invokeStatic(java.lang.Object, java.lang.Object, java.lang.Object, java.lang.Object, java.lang.Object, java.lang.Object, java.lang.Object)'> (0x00000000eab2a858) 
thrown [s\src\hotspot\share\interpreter\linkResolver.cpp, line 759]
Event: 105.325 Thread 0x000001eb75464b70 Exception <a 'java/lang/NoSuchMethodError'{0x00000000eabf54f8}: 'void java.lang.invoke.DirectMethodHandle$Holder.invokeStatic(java.lang.Object, java.lang.Object, int)'> (0x00000000eabf54f8) 
thrown [s\src\hotspot\share\interpreter\linkResolver.cpp, line 759]
Event: 105.794 Thread 0x000001eb74d28a40 Implicit null exception at 0x000001eb62fe2254 to 0x000001eb62fe286c
Event: 107.085 Thread 0x000001eb74d27bd0 Implicit null exception at 0x000001eb6313a28a to 0x000001eb6313cbec

VM Operations (20 events):
Event: 108.244 Executing VM operation: ParallelGCFailedAllocation done
Event: 108.248 Executing VM operation: ParallelGCFailedAllocation
Event: 108.248 Executing VM operation: ParallelGCFailedAllocation done
Event: 108.254 Executing VM operation: ParallelGCFailedAllocation
Event: 108.255 Executing VM operation: ParallelGCFailedAllocation done
Event: 108.963 Executing VM operation: ParallelGCFailedAllocation
Event: 108.964 Executing VM operation: ParallelGCFailedAllocation done
Event: 108.968 Executing VM operation: ParallelGCFailedAllocation
Event: 108.968 Executing VM operation: ParallelGCFailedAllocation done
Event: 108.974 Executing VM operation: ParallelGCFailedAllocation
Event: 108.975 Executing VM operation: ParallelGCFailedAllocation done
Event: 109.605 Executing VM operation: ParallelGCFailedAllocation
Event: 109.606 Executing VM operation: ParallelGCFailedAllocation done
Event: 109.611 Executing VM operation: ParallelGCFailedAllocation
Event: 109.611 Executing VM operation: ParallelGCFailedAllocation done
Event: 109.617 Executing VM operation: ParallelGCFailedAllocation
Event: 109.617 Executing VM operation: ParallelGCFailedAllocation done
Event: 109.622 Executing VM operation: ParallelGCFailedAllocation
Event: 109.622 Executing VM operation: ParallelGCFailedAllocation done
Event: 109.925 Executing VM operation: ParallelGCFailedAllocation

Events (20 events):
Event: 106.586 Thread 0x000001eb712f91f0 flushing nmethod 0x000001eb5c86e190
Event: 106.587 Thread 0x000001eb712f91f0 flushing nmethod 0x000001eb5c8c8410
Event: 106.587 Thread 0x000001eb712f91f0 flushing nmethod 0x000001eb5c8fb110
Event: 106.587 Thread 0x000001eb712f91f0 flushing nmethod 0x000001eb5c912410
Event: 106.587 Thread 0x000001eb712f91f0 flushing nmethod 0x000001eb5c915210
Event: 106.587 Thread 0x000001eb712f91f0 flushing nmethod 0x000001eb5c9bd390
Event: 106.587 Thread 0x000001eb712f91f0 flushing nmethod 0x000001eb5ca07b90
Event: 106.587 Thread 0x000001eb712f91f0 flushing nmethod 0x000001eb5ca44210
Event: 106.587 Thread 0x000001eb712f91f0 flushing nmethod 0x000001eb5ca59010
Event: 106.587 Thread 0x000001eb712f91f0 flushing nmethod 0x000001eb5ca5db10
Event: 106.587 Thread 0x000001eb712f91f0 flushing nmethod 0x000001eb5ca7f910
Event: 106.587 Thread 0x000001eb712f91f0 flushing nmethod 0x000001eb5cab1610
Event: 106.587 Thread 0x000001eb712f91f0 flushing nmethod 0x000001eb5cab8d90
Event: 106.587 Thread 0x000001eb712f91f0 flushing nmethod 0x000001eb5cab9890
Event: 106.768 Thread 0x000001eb7864bec0 Thread exited: 0x000001eb7864bec0
Event: 108.258 Thread 0x000001eb7864bec0 Thread added: 0x000001eb7864bec0
Event: 108.776 Thread 0x000001eb75464b70 Thread exited: 0x000001eb75464b70
Event: 108.776 Thread 0x000001eb75465040 Thread exited: 0x000001eb75465040
Event: 108.776 Thread 0x000001eb754646a0 Thread exited: 0x000001eb754646a0
Event: 109.608 Thread 0x000001eb7864bec0 Thread exited: 0x000001eb7864bec0


Dynamic libraries:
0x00007ff6e2660000 - 0x00007ff6e266e000 	c:\Users\matip\.vscode\extensions\redhat.java-1.19.0-win32-x64\jre\17.0.7-win32-x86_64\bin\java.exe
0x00007ffc48790000 - 0x00007ffc48988000 	C:\Windows\SYSTEM32\ntdll.dll
0x00007ffc48540000 - 0x00007ffc485ff000 	C:\Windows\System32\KERNEL32.DLL
0x00007ffc46020000 - 0x00007ffc46316000 	C:\Windows\System32\KERNELBASE.dll
0x00007ffc46640000 - 0x00007ffc46740000 	C:\Windows\System32\ucrtbase.dll
0x00007ffc3fdb0000 - 0x00007ffc3fdc7000 	c:\Users\matip\.vscode\extensions\redhat.java-1.19.0-win32-x64\jre\17.0.7-win32-x86_64\bin\jli.dll
0x00007ffc3cb90000 - 0x00007ffc3cba9000 	c:\Users\matip\.vscode\extensions\redhat.java-1.19.0-win32-x64\jre\17.0.7-win32-x86_64\bin\VCRUNTIME140.dll
0x00007ffc47990000 - 0x00007ffc47b2d000 	C:\Windows\System32\USER32.dll
0x00007ffc46320000 - 0x00007ffc46342000 	C:\Windows\System32\win32u.dll
0x00007ffc34080000 - 0x00007ffc3431a000 	C:\Windows\WinSxS\amd64_microsoft.windows.common-controls_6595b64144ccf1df_6.0.19041.1110_none_60b5254171f9507e\COMCTL32.dll
0x00007ffc484f0000 - 0x00007ffc4851c000 	C:\Windows\System32\GDI32.dll
0x00007ffc46800000 - 0x00007ffc4689e000 	C:\Windows\System32\msvcrt.dll
0x00007ffc46520000 - 0x00007ffc46635000 	C:\Windows\System32\gdi32full.dll
0x00007ffc45f80000 - 0x00007ffc4601d000 	C:\Windows\System32\msvcp_win.dll
0x00007ffc47ee0000 - 0x00007ffc47f10000 	C:\Windows\System32\IMM32.DLL
0x00007ffc41a90000 - 0x00007ffc41a9c000 	c:\Users\matip\.vscode\extensions\redhat.java-1.19.0-win32-x64\jre\17.0.7-win32-x86_64\bin\vcruntime140_1.dll
0x00007ffc3b500000 - 0x00007ffc3b591000 	c:\Users\matip\.vscode\extensions\redhat.java-1.19.0-win32-x64\jre\17.0.7-win32-x86_64\bin\msvcp140.dll
0x00007ffbd97f0000 - 0x00007ffbda438000 	c:\Users\matip\.vscode\extensions\redhat.java-1.19.0-win32-x64\jre\17.0.7-win32-x86_64\bin\server\jvm.dll
0x00007ffc472c0000 - 0x00007ffc4736f000 	C:\Windows\System32\ADVAPI32.dll
0x00007ffc48600000 - 0x00007ffc4869c000 	C:\Windows\System32\sechost.dll
0x00007ffc47840000 - 0x00007ffc47966000 	C:\Windows\System32\RPCRT4.dll
0x00007ffc41280000 - 0x00007ffc41289000 	C:\Windows\SYSTEM32\WSOCK32.dll
0x00007ffc47fe0000 - 0x00007ffc4804b000 	C:\Windows\System32\WS2_32.dll
0x00007ffc3ff20000 - 0x00007ffc3ff2a000 	C:\Windows\SYSTEM32\VERSION.dll
0x00007ffc3c8d0000 - 0x00007ffc3c8f7000 	C:\Windows\SYSTEM32\WINMM.dll
0x00007ffc43d40000 - 0x00007ffc43d52000 	C:\Windows\SYSTEM32\kernel.appcore.dll
0x00007ffc40f30000 - 0x00007ffc40f3a000 	c:\Users\matip\.vscode\extensions\redhat.java-1.19.0-win32-x64\jre\17.0.7-win32-x86_64\bin\jimage.dll
0x00007ffc3a9f0000 - 0x00007ffc3abd4000 	C:\Windows\SYSTEM32\DBGHELP.DLL
0x00007ffc37900000 - 0x00007ffc37934000 	C:\Windows\SYSTEM32\dbgcore.DLL
0x00007ffc45ec0000 - 0x00007ffc45f42000 	C:\Windows\System32\bcryptPrimitives.dll
0x00007ffc3f6d0000 - 0x00007ffc3f6de000 	c:\Users\matip\.vscode\extensions\redhat.java-1.19.0-win32-x64\jre\17.0.7-win32-x86_64\bin\instrument.dll
0x00007ffc3b6e0000 - 0x00007ffc3b705000 	c:\Users\matip\.vscode\extensions\redhat.java-1.19.0-win32-x64\jre\17.0.7-win32-x86_64\bin\java.dll
0x00007ffc3cae0000 - 0x00007ffc3caf8000 	c:\Users\matip\.vscode\extensions\redhat.java-1.19.0-win32-x64\jre\17.0.7-win32-x86_64\bin\zip.dll
0x00007ffc469c0000 - 0x00007ffc47104000 	C:\Windows\System32\SHELL32.dll
0x00007ffc43f40000 - 0x00007ffc446d3000 	C:\Windows\SYSTEM32\windows.storage.dll
0x00007ffc48050000 - 0x00007ffc483a4000 	C:\Windows\System32\combase.dll
0x00007ffc458c0000 - 0x00007ffc458ee000 	C:\Windows\SYSTEM32\Wldp.dll
0x00007ffc486a0000 - 0x00007ffc4874d000 	C:\Windows\System32\SHCORE.dll
0x00007ffc47370000 - 0x00007ffc473c5000 	C:\Windows\System32\shlwapi.dll
0x00007ffc45db0000 - 0x00007ffc45dcf000 	C:\Windows\SYSTEM32\profapi.dll
0x00007ffc3be00000 - 0x00007ffc3be19000 	C:\Users\matip\.vscode\extensions\redhat.java-1.19.0-win32-x64\jre\17.0.7-win32-x86_64\bin\net.dll
0x00007ffc402a0000 - 0x00007ffc403aa000 	C:\Windows\SYSTEM32\WINHTTP.dll
0x00007ffc45620000 - 0x00007ffc4568a000 	C:\Windows\system32\mswsock.dll
0x00007ffc3b6c0000 - 0x00007ffc3b6d5000 	C:\Users\matip\.vscode\extensions\redhat.java-1.19.0-win32-x64\jre\17.0.7-win32-x86_64\bin\nio.dll
0x00007ffc3c3a0000 - 0x00007ffc3c3b0000 	c:\Users\matip\.vscode\extensions\redhat.java-1.19.0-win32-x64\jre\17.0.7-win32-x86_64\bin\verify.dll
0x00007ffc3b480000 - 0x00007ffc3b4be000 	C:\Users\matip\AppData\Roaming\Code\User\globalStorage\redhat.java\1.19.0\config_win\org.eclipse.equinox.launcher\org.eclipse.equinox.launcher.win32.win32.x86_64_1.2.700.v20221108-1024\eclipse_11801.dll
0x00007ffc47d20000 - 0x00007ffc47e4a000 	C:\Windows\System32\ole32.dll
0x00007ffc45810000 - 0x00007ffc45828000 	C:\Windows\SYSTEM32\CRYPTSP.dll
0x00007ffc44ed0000 - 0x00007ffc44f04000 	C:\Windows\system32\rsaenh.dll
0x00007ffc45f50000 - 0x00007ffc45f77000 	C:\Windows\System32\bcrypt.dll
0x00007ffc45d70000 - 0x00007ffc45d9e000 	C:\Windows\SYSTEM32\USERENV.dll
0x00007ffc45830000 - 0x00007ffc4583c000 	C:\Windows\SYSTEM32\CRYPTBASE.dll
0x00007ffc452c0000 - 0x00007ffc452fc000 	C:\Windows\SYSTEM32\IPHLPAPI.DLL
0x00007ffc47970000 - 0x00007ffc47978000 	C:\Windows\System32\NSI.dll
0x00007ffc40e70000 - 0x00007ffc40e87000 	C:\Windows\SYSTEM32\dhcpcsvc6.DLL
0x00007ffc40e50000 - 0x00007ffc40e6d000 	C:\Windows\SYSTEM32\dhcpcsvc.DLL
0x00007ffc45300000 - 0x00007ffc453ca000 	C:\Windows\SYSTEM32\DNSAPI.dll
0x00007ffc11e90000 - 0x00007ffc11ed5000 	C:\Users\matip\AppData\Local\Temp\jna-103668359\jna8995816216349599714.dll
0x00007ffc467f0000 - 0x00007ffc467f8000 	C:\Windows\System32\PSAPI.DLL
0x00007ffc358f0000 - 0x00007ffc358fe000 	C:\Users\matip\.vscode\extensions\redhat.java-1.19.0-win32-x64\jre\17.0.7-win32-x86_64\bin\sunmscapi.dll
0x00007ffc463c0000 - 0x00007ffc4651e000 	C:\Windows\System32\CRYPT32.dll
0x00007ffc45930000 - 0x00007ffc45958000 	C:\Windows\SYSTEM32\ncrypt.dll
0x00007ffc458f0000 - 0x00007ffc4592b000 	C:\Windows\SYSTEM32\NTASN1.dll
0x00007ffc3f710000 - 0x00007ffc3f71a000 	C:\Windows\System32\rasadhlp.dll
0x00007ffc3f490000 - 0x00007ffc3f512000 	C:\Windows\System32\fwpuclnt.dll
0x00007ffc41290000 - 0x00007ffc41297000 	C:\Windows\system32\wshunix.dll

dbghelp: loaded successfully - version: 4.0.5 - missing functions: none
symbol engine: initialized successfully - sym options: 0x614 - pdb path: .;c:\Users\matip\.vscode\extensions\redhat.java-1.19.0-win32-x64\jre\17.0.7-win32-x86_64\bin;C:\Windows\SYSTEM32;C:\Windows\WinSxS\amd64_microsoft.windows.common-controls_6595b64144ccf1df_6.0.19041.1110_none_60b5254171f9507e;c:\Users\matip\.vscode\extensions\redhat.java-1.19.0-win32-x64\jre\17.0.7-win32-x86_64\bin\server;C:\Users\matip\AppData\Roaming\Code\User\globalStorage\redhat.java\1.19.0\config_win\org.eclipse.equinox.launcher\org.eclipse.equinox.launcher.win32.win32.x86_64_1.2.700.v20221108-1024;C:\Users\matip\AppData\Local\Temp\jna-103668359

VM Arguments:
jvm_args: --add-modules=ALL-SYSTEM --add-opens=java.base/java.util=ALL-UNNAMED --add-opens=java.base/java.lang=ALL-UNNAMED --add-opens=java.base/sun.nio.fs=ALL-UNNAMED -Declipse.application=org.eclipse.jdt.ls.core.id1 -Dosgi.bundles.defaultStartLevel=4 -Declipse.product=org.eclipse.jdt.ls.core.product -Djava.import.generatesMetadataFilesAtProjectRoot=false -Dfile.encoding=utf8 -XX:+UseParallelGC -XX:GCTimeRatio=4 -XX:AdaptiveSizePolicyWeight=90 -Dsun.zip.disableMemoryMapping=true -Xmx1G -Xms100m -Xlog:disable -javaagent:c:\Users\matip\.vscode\extensions\redhat.java-1.19.0-win32-x64\lombok\lombok-1.18.28.jar -XX:+HeapDumpOnOutOfMemoryError -XX:HeapDumpPath=c:\Users\matip\AppData\Roaming\Code\User\workspaceStorage\00f31e48294c6baa0d8ff255e8495513\redhat.java -Daether.dependencyCollector.impl=bf 
java_command: c:\Users\matip\.vscode\extensions\redhat.java-1.19.0-win32-x64\server\plugins\org.eclipse.equinox.launcher_1.6.400.v20210924-0641.jar -configuration c:\Users\matip\AppData\Roaming\Code\User\globalStorage\redhat.java\1.19.0\config_win -data c:\Users\matip\AppData\Roaming\Code\User\workspaceStorage\00f31e48294c6baa0d8ff255e8495513\redhat.java\jdt_ws
java_class_path (initial): c:\Users\matip\.vscode\extensions\redhat.java-1.19.0-win32-x64\server\plugins\org.eclipse.equinox.launcher_1.6.400.v20210924-0641.jar
Launcher Type: SUN_STANDARD

[Global flags]
    uintx AdaptiveSizePolicyWeight                 = 90                                        {product} {command line}
     intx CICompilerCount                          = 4                                         {product} {ergonomic}
    uintx GCTimeRatio                              = 4                                         {product} {command line}
     bool HeapDumpOnOutOfMemoryError               = true                                   {manageable} {command line}
    ccstr HeapDumpPath                             = c:\Users\matip\AppData\Roaming\Code\User\workspaceStorage\00f31e48294c6baa0d8ff255e8495513\redhat.java         {manageable} {command line}
   size_t InitialHeapSize                          = 104857600                                 {product} {command line}
   size_t MaxHeapSize                              = 1073741824                                {product} {command line}
   size_t MaxNewSize                               = 357564416                                 {product} {ergonomic}
   size_t MinHeapDeltaBytes                        = 524288                                    {product} {ergonomic}
   size_t MinHeapSize                              = 104857600                                 {product} {command line}
   size_t NewSize                                  = 34603008                                  {product} {ergonomic}
    uintx NonNMethodCodeHeapSize                   = 5839372                                {pd product} {ergonomic}
    uintx NonProfiledCodeHeapSize                  = 122909434                              {pd product} {ergonomic}
   size_t OldSize                                  = 70254592                                  {product} {ergonomic}
    uintx ProfiledCodeHeapSize                     = 122909434                              {pd product} {ergonomic}
    uintx ReservedCodeCacheSize                    = 251658240                              {pd product} {ergonomic}
     bool SegmentedCodeCache                       = true                                      {product} {ergonomic}
   size_t SoftMaxHeapSize                          = 1073741824                             {manageable} {ergonomic}
     bool UseCompressedClassPointers               = true                           {product lp64_product} {ergonomic}
     bool UseCompressedOops                        = true                           {product lp64_product} {ergonomic}
     bool UseLargePagesIndividualAllocation        = false                                  {pd product} {ergonomic}
     bool UseParallelGC                            = true                                      {product} {command line}

Logging:
Log output configuration:
 #0: stdout all=off uptime,level,tags
 #1: stderr all=off uptime,level,tags

Environment Variables:
PATH=C:\Users\matip\AppData\Local\Programs\Python\Python310\Scripts\;C:\Users\matip\AppData\Local\Programs\Python\Python310\;C:\Program Files\Common Files\Oracle\Java\javapath;C:\Program Files (x86)\Common Files\Oracle\Java\javapath;C:\ProgramData\Oracle\Java\javapath;C:\Windows\system32;C:\Windows;C:\Windows\System32\Wbem;C:\Windows\System32\WindowsPowerShell\v1.0\;C:\Windows\System32\OpenSSH\;C:\Program Files\NVIDIA Corporation\NVIDIA NvDLISR;D:\TDM-GCC-64\bin;C:\Program Files\Git\cmd;C:\Program Files\dotnet\;C:\Program Files\nodejs\;C:\ProgramData\chocolatey\bin;C:\Program Files (x86)\NVIDIA Corporation\PhysX\Common;C:\Program Files\Go\bin;C:\Program Files\MySQL\MySQL Shell 8.0\bin\;C:\Users\matip\AppData\Local\Programs\Python\Launcher\;C:\Users\matip\AppData\Local\Microsoft\WindowsApps;C:\Users\matip\AppData\Local\Programs\Microsoft VS Code\bin;C:\Users\matip\AppData\Roaming\npm;C:\Users\matip\go\bin;D:\IntelliJ IDEA Community Edition 2023.1.2\bin;
USERNAME=matip
OS=Windows_NT
PROCESSOR_IDENTIFIER=Intel64 Family 6 Model 167 Stepping 1, GenuineIntel
TMP=C:\Users\matip\AppData\Local\Temp
TEMP=C:\Users\matip\AppData\Local\Temp



---------------  S Y S T E M  ---------------

OS:
 Windows 10 , 64 bit Build 19041 (10.0.19041.3031)
OS uptime: 0 days 8:43 hours

CPU: total 12 (initial active 12) (6 cores per cpu, 2 threads per core) family 6 model 167 stepping 1 microcode 0x50, cx8, cmov, fxsr, ht, mmx, 3dnowpref, sse, sse2, sse3, ssse3, sse4.1, sse4.2, popcnt, lzcnt, tsc, tscinvbit, avx, avx2, aes, erms, clmul, bmi1, bmi2, adx, avx512f, avx512dq, avx512cd, avx512bw, avx512vl, sha, fma, vzeroupper, avx512_vpopcntdq, avx512_vpclmulqdq, avx512_vaes, avx512_vnni, clflush, clflushopt, avx512_vbmi2, avx512_vbmi

Memory: 4k page, system-wide physical 32533M (21388M free)
TotalPageFile size 34581M (AvailPageFile size 18761M)
current process WorkingSet (physical memory assigned to process): 439M, peak: 460M
current process commit charge ("private bytes"): 462M, peak: 490M

vm_info: OpenJDK 64-Bit Server VM (17.0.7+7) for windows-amd64 JRE (17.0.7+7), built on Apr 18 2023 22:10:42 by "temurin" with MS VC++ 16.7 (VS2019)

END.
